{"/Users/ilyasokolov/frontend-project-46/index.js": {"path":"/Users/ilyasokolov/frontend-project-46/index.js","all":false,"statementMap":{"0":{"start":{"line":1,"column":0},"end":{"line":1,"column":20}},"1":{"start":{"line":2,"column":0},"end":{"line":2,"column":24}},"2":{"start":{"line":3,"column":0},"end":{"line":3,"column":0}},"3":{"start":{"line":4,"column":0},"end":{"line":4,"column":43}},"4":{"start":{"line":5,"column":0},"end":{"line":5,"column":83}},"5":{"start":{"line":6,"column":0},"end":{"line":6,"column":83}},"6":{"start":{"line":7,"column":0},"end":{"line":7,"column":37}},"7":{"start":{"line":8,"column":0},"end":{"line":8,"column":37}},"8":{"start":{"line":9,"column":0},"end":{"line":9,"column":56}},"9":{"start":{"line":10,"column":0},"end":{"line":10,"column":38}},"10":{"start":{"line":11,"column":0},"end":{"line":11,"column":59}},"11":{"start":{"line":12,"column":0},"end":{"line":12,"column":36}},"12":{"start":{"line":13,"column":0},"end":{"line":13,"column":46}},"13":{"start":{"line":14,"column":0},"end":{"line":14,"column":75}},"14":{"start":{"line":15,"column":0},"end":{"line":15,"column":5}},"15":{"start":{"line":16,"column":0},"end":{"line":16,"column":112}},"16":{"start":{"line":17,"column":0},"end":{"line":17,"column":4}},"17":{"start":{"line":18,"column":0},"end":{"line":18,"column":47}},"18":{"start":{"line":19,"column":0},"end":{"line":19,"column":38}},"19":{"start":{"line":20,"column":0},"end":{"line":20,"column":2}},"20":{"start":{"line":21,"column":0},"end":{"line":21,"column":0}},"21":{"start":{"line":22,"column":0},"end":{"line":22,"column":23}}},"s":{"0":1,"1":1,"2":1,"3":1,"4":1,"5":1,"6":1,"7":1,"8":1,"9":1,"10":5,"11":2,"12":1,"13":2,"14":2,"15":5,"16":1,"17":1,"18":1,"19":1,"20":1,"21":1},"branchMap":{"0":{"type":"branch","line":4,"loc":{"start":{"line":4,"column":16},"end":{"line":20,"column":2}},"locations":[{"start":{"line":4,"column":16},"end":{"line":20,"column":2}}]},"1":{"type":"branch","line":10,"loc":{"start":{"line":10,"column":23},"end":{"line":17,"column":3}},"locations":[{"start":{"line":10,"column":23},"end":{"line":17,"column":3}}]},"2":{"type":"branch","line":11,"loc":{"start":{"line":11,"column":30},"end":{"line":11,"column":56}},"locations":[{"start":{"line":11,"column":30},"end":{"line":11,"column":56}}]},"3":{"type":"branch","line":11,"loc":{"start":{"line":11,"column":58},"end":{"line":15,"column":5}},"locations":[{"start":{"line":11,"column":58},"end":{"line":15,"column":5}}]},"4":{"type":"branch","line":13,"loc":{"start":{"line":13,"column":-1},"end":{"line":13,"column":46}},"locations":[{"start":{"line":13,"column":-1},"end":{"line":13,"column":46}}]},"5":{"type":"branch","line":14,"loc":{"start":{"line":14,"column":-1},"end":{"line":14,"column":74}},"locations":[{"start":{"line":14,"column":-1},"end":{"line":14,"column":74}}]},"6":{"type":"branch","line":15,"loc":{"start":{"line":15,"column":4},"end":{"line":16,"column":36}},"locations":[{"start":{"line":15,"column":4},"end":{"line":16,"column":36}}]},"7":{"type":"branch","line":16,"loc":{"start":{"line":16,"column":33},"end":{"line":16,"column":72}},"locations":[{"start":{"line":16,"column":33},"end":{"line":16,"column":72}}]},"8":{"type":"branch","line":16,"loc":{"start":{"line":16,"column":72},"end":{"line":16,"column":111}},"locations":[{"start":{"line":16,"column":72},"end":{"line":16,"column":111}}]}},"b":{"0":[1],"1":[5],"2":[4],"3":[2],"4":[1],"5":[1],"6":[3],"7":[2],"8":[1]},"fnMap":{"0":{"name":"genDiff","decl":{"start":{"line":4,"column":16},"end":{"line":20,"column":2}},"loc":{"start":{"line":4,"column":16},"end":{"line":20,"column":2}},"line":4},"1":{"name":"checkIfAdded","decl":{"start":{"line":10,"column":23},"end":{"line":17,"column":3}},"loc":{"start":{"line":10,"column":23},"end":{"line":17,"column":3}},"line":10}},"f":{"0":1,"1":5}}
}
